{"numTotalTestSuites":52,"numPassedTestSuites":52,"numFailedTestSuites":0,"numPendingTestSuites":0,"numTotalTests":181,"numPassedTests":181,"numFailedTests":0,"numPendingTests":0,"numTodoTests":0,"startTime":1782021130652,"success":true,"testResults":[{"assertionResults":[{"ancestorTitles":["","CompactCheckboxDropdown"],"fullName":" CompactCheckboxDropdown renders the label and is closed by default","status":"passed","title":"renders the label and is closed by default","duration":16,"failureMessages":[]},{"ancestorTitles":["","CompactCheckboxDropdown"],"fullName":" CompactCheckboxDropdown opens the portal on click and lists all options","status":"passed","title":"opens the portal on click and lists all options","duration":41,"failureMessages":[]},{"ancestorTitles":["","CompactCheckboxDropdown"],"fullName":" CompactCheckboxDropdown calls onOpen when opened and onClose when toggled shut","status":"passed","title":"calls onOpen when opened and onClose when toggled shut","duration":20,"failureMessages":[]},{"ancestorTitles":["","CompactCheckboxDropdown"],"fullName":" CompactCheckboxDropdown toggles a value on (multi-select) via onChange","status":"passed","title":"toggles a value on (multi-select) via onChange","duration":16,"failureMessages":[]},{"ancestorTitles":["","CompactCheckboxDropdown"],"fullName":" CompactCheckboxDropdown toggles a value off when already selected","status":"passed","title":"toggles a value off when already selected","duration":16,"failureMessages":[]},{"ancestorTitles":["","CompactCheckboxDropdown"],"fullName":" CompactCheckboxDropdown respects maxSelected (ignores additions beyond the cap)","status":"passed","title":"respects maxSelected (ignores additions beyond the cap)","duration":13,"failureMessages":[]},{"ancestorTitles":["","CompactCheckboxDropdown"],"fullName":" CompactCheckboxDropdown shows a count summary when items are selected","status":"passed","title":"shows a count summary when items are selected","duration":1,"failureMessages":[]},{"ancestorTitles":["","CompactCheckboxDropdown"],"fullName":" CompactCheckboxDropdown in single-select mode, selecting replaces the selection","status":"passed","title":"in single-select mode, selecting replaces the selection","duration":15,"failureMessages":[]},{"ancestorTitles":["","CompactCheckboxDropdown"],"fullName":" CompactCheckboxDropdown single-select displays the chosen option label","status":"passed","title":"single-select displays the chosen option label","duration":2,"failureMessages":[]},{"ancestorTitles":["","CompactCheckboxDropdown"],"fullName":" CompactCheckboxDropdown filters options by the search box (internal state)","status":"passed","title":"filters options by the search box (internal state)","duration":21,"failureMessages":[]},{"ancestorTitles":["","CompactCheckboxDropdown"],"fullName":" CompactCheckboxDropdown shows \"No options found\" when the search matches nothing","status":"passed","title":"shows \"No options found\" when the search matches nothing","duration":21,"failureMessages":[]},{"ancestorTitles":["","CompactCheckboxDropdown"],"fullName":" CompactCheckboxDropdown hides the search box when searchable is false","status":"passed","title":"hides the search box when searchable is false","duration":7,"failureMessages":[]},{"ancestorTitles":["","CompactCheckboxDropdown"],"fullName":" CompactCheckboxDropdown does not open when disabled","status":"passed","title":"does not open when disabled","duration":7,"failureMessages":[]},{"ancestorTitles":["","CompactCheckboxDropdown"],"fullName":" CompactCheckboxDropdown renders a loading spinner instead of options when loading","status":"passed","title":"renders a loading spinner instead of options when loading","duration":8,"failureMessages":[]},{"ancestorTitles":["","CompactCheckboxDropdown"],"fullName":" CompactCheckboxDropdown select-all selects every option when none are selected","status":"passed","title":"select-all selects every option when none are selected","duration":14,"failureMessages":[]},{"ancestorTitles":["","CompactCheckboxDropdown"],"fullName":" CompactCheckboxDropdown select-all clears the selection when all are already selected","status":"passed","title":"select-all clears the selection when all are already selected","duration":13,"failureMessages":[]},{"ancestorTitles":["","CompactCheckboxDropdown"],"fullName":" CompactCheckboxDropdown closes on an outside click","status":"passed","title":"closes on an outside click","duration":9,"failureMessages":[]},{"ancestorTitles":["","CompactCheckboxDropdown"],"fullName":" CompactCheckboxDropdown supports controlled search via searchText/onSearchChange","status":"passed","title":"supports controlled search via searchText/onSearchChange","duration":8,"failureMessages":[]}],"startTime":1782021137530,"endTime":1782021137778,"status":"passed","message":"","name":"/Users/salescode/Desktop/reports-npm-package/test/CompactCheckboxDropdown.test.tsx"},{"assertionResults":[{"ancestorTitles":["","ReportTiles"],"fullName":" ReportTiles renders the Reports header","status":"passed","title":"renders the Reports header","duration":29,"failureMessages":[]},{"ancestorTitles":["","ReportTiles"],"fullName":" ReportTiles renders every report card","status":"passed","title":"renders every report card","duration":11,"failureMessages":[]},{"ancestorTitles":["","ReportTiles"],"fullName":" ReportTiles groups cards by type with uppercased section labels","status":"passed","title":"groups cards by type with uppercased section labels","duration":8,"failureMessages":[]},{"ancestorTitles":["","ReportTiles"],"fullName":" ReportTiles defaults a missing type to the \"REPORTS\" group label","status":"passed","title":"defaults a missing type to the \"REPORTS\" group label","duration":3,"failureMessages":[]},{"ancestorTitles":["","ReportTiles"],"fullName":" ReportTiles calls onSelect with the clicked card config","status":"passed","title":"calls onSelect with the clicked card config","duration":45,"failureMessages":[]},{"ancestorTitles":["","ReportTiles"],"fullName":" ReportTiles filters cards by name via the search box","status":"passed","title":"filters cards by name via the search box","duration":49,"failureMessages":[]},{"ancestorTitles":["","ReportTiles"],"fullName":" ReportTiles filters cards by description text","status":"passed","title":"filters cards by description text","duration":47,"failureMessages":[]},{"ancestorTitles":["","ReportTiles"],"fullName":" ReportTiles shows the empty state when nothing matches","status":"passed","title":"shows the empty state when nothing matches","duration":45,"failureMessages":[]},{"ancestorTitles":["","ReportTiles"],"fullName":" ReportTiles shows a LIVE badge on live reports","status":"passed","title":"shows a LIVE badge on live reports","duration":5,"failureMessages":[]},{"ancestorTitles":["","ReportTiles"],"fullName":" ReportTiles clears the search via the clear button","status":"passed","title":"clears the search via the clear button","duration":42,"failureMessages":[]},{"ancestorTitles":["","ReportTiles"],"fullName":" ReportTiles hides the header when showHeader is false","status":"passed","title":"hides the header when showHeader is false","duration":6,"failureMessages":[]},{"ancestorTitles":["","ReportTiles"],"fullName":" ReportTiles moves a card into a FAVOURITES section when starred","status":"passed","title":"moves a card into a FAVOURITES section when starred","duration":15,"failureMessages":[]},{"ancestorTitles":["","ReportTiles"],"fullName":" ReportTiles restores favourites from localStorage on mount","status":"passed","title":"restores favourites from localStorage on mount","duration":4,"failureMessages":[]}],"startTime":1782021139027,"endTime":1782021139336,"status":"passed","message":"","name":"/Users/salescode/Desktop/reports-npm-package/test/ReportTiles.test.tsx"},{"assertionResults":[{"ancestorTitles":["","config/auth","getAccessToken / getTenantId"],"fullName":" config/auth getAccessToken / getTenantId returns empty strings when nothing is stored","status":"passed","title":"returns empty strings when nothing is stored","duration":4,"failureMessages":[]},{"ancestorTitles":["","config/auth","getAccessToken / getTenantId"],"fullName":" config/auth getAccessToken / getTenantId reads authToken and accountId from localStorage","status":"passed","title":"reads authToken and accountId from localStorage","duration":2,"failureMessages":[]},{"ancestorTitles":["","config/auth","getAuthContext"],"fullName":" config/auth getAuthContext returns empty fields when authContext is missing","status":"passed","title":"returns empty fields when authContext is missing","duration":0,"failureMessages":[]},{"ancestorTitles":["","config/auth","getAuthContext"],"fullName":" config/auth getAuthContext parses loginId and email from a valid authContext","status":"passed","title":"parses loginId and email from a valid authContext","duration":1,"failureMessages":[]},{"ancestorTitles":["","config/auth","getAuthContext"],"fullName":" config/auth getAuthContext returns empty fields when authContext has no user","status":"passed","title":"returns empty fields when authContext has no user","duration":0,"failureMessages":[]},{"ancestorTitles":["","config/auth","getAuthContext"],"fullName":" config/auth getAuthContext returns empty fields for corrupt JSON","status":"passed","title":"returns empty fields for corrupt JSON","duration":0,"failureMessages":[]},{"ancestorTitles":["","config/auth","getDatastreamHeaders"],"fullName":" config/auth getDatastreamHeaders always sets Content-Type and X-Tenant-ID","status":"passed","title":"always sets Content-Type and X-Tenant-ID","duration":0,"failureMessages":[]},{"ancestorTitles":["","config/auth","getDatastreamHeaders"],"fullName":" config/auth getDatastreamHeaders omits Authorization when there is no token","status":"passed","title":"omits Authorization when there is no token","duration":1,"failureMessages":[]},{"ancestorTitles":["","config/auth","getDatastreamHeaders"],"fullName":" config/auth getDatastreamHeaders adds a Bearer prefix to a raw token","status":"passed","title":"adds a Bearer prefix to a raw token","duration":0,"failureMessages":[]},{"ancestorTitles":["","config/auth","getDatastreamHeaders"],"fullName":" config/auth getDatastreamHeaders does not double-prefix an already-Bearer token","status":"passed","title":"does not double-prefix an already-Bearer token","duration":0,"failureMessages":[]},{"ancestorTitles":["","config/auth","getHostHeaders"],"fullName":" config/auth getHostHeaders sets lob to the tenant id and adds Bearer auth","status":"passed","title":"sets lob to the tenant id and adds Bearer auth","duration":0,"failureMessages":[]},{"ancestorTitles":["","config/auth","getHostHeaders"],"fullName":" config/auth getHostHeaders omits Authorization with no token","status":"passed","title":"omits Authorization with no token","duration":1,"failureMessages":[]},{"ancestorTitles":["","config/auth","syncAuthFromCookies"],"fullName":" config/auth syncAuthFromCookies copies ACCOUNT_ID and SALESHUB_TOKEN cookies into localStorage","status":"passed","title":"copies ACCOUNT_ID and SALESHUB_TOKEN cookies into localStorage","duration":0,"failureMessages":[]},{"ancestorTitles":["","config/auth","syncAuthFromCookies"],"fullName":" config/auth syncAuthFromCookies leaves localStorage untouched when cookies are absent","status":"passed","title":"leaves localStorage untouched when cookies are absent","duration":1,"failureMessages":[]},{"ancestorTitles":["","config/auth","syncAuthFromCookies"],"fullName":" config/auth syncAuthFromCookies decodes URL-encoded cookie values","status":"passed","title":"decodes URL-encoded cookie values","duration":0,"failureMessages":[]}],"startTime":1782021141134,"endTime":1782021141144,"status":"passed","message":"","name":"/Users/salescode/Desktop/reports-npm-package/test/configAuth.test.ts"},{"assertionResults":[{"ancestorTitles":["","fetchReportConfigs"],"fullName":" fetchReportConfigs returns [] when no tenant id is set (skips the API call)","status":"passed","title":"returns [] when no tenant id is set (skips the API call)","duration":1,"failureMessages":[]},{"ancestorTitles":["","fetchReportConfigs"],"fullName":" fetchReportConfigs sends the lob header and extracts the report configuration feature","status":"passed","title":"sends the lob header and extracts the report configuration feature","duration":20,"failureMessages":[]},{"ancestorTitles":["","fetchReportConfigs"],"fullName":" fetchReportConfigs returns [] when the config feature is absent","status":"passed","title":"returns [] when the config feature is absent","duration":7,"failureMessages":[]},{"ancestorTitles":["","fetchReportConfigs"],"fullName":" fetchReportConfigs returns [] when the config feature has no domainValues","status":"passed","title":"returns [] when the config feature has no domainValues","duration":3,"failureMessages":[]},{"ancestorTitles":["","fetchReportConfigs"],"fullName":" fetchReportConfigs returns [] when the response has no features array","status":"passed","title":"returns [] when the response has no features array","duration":3,"failureMessages":[]}],"startTime":1782021143540,"endTime":1782021143574,"status":"passed","message":"","name":"/Users/salescode/Desktop/reports-npm-package/test/configService.test.ts"},{"assertionResults":[{"ancestorTitles":["","config/urls","getEnv"],"fullName":" config/urls getEnv returns prod when accountId is absent","status":"passed","title":"returns prod when accountId is absent","duration":1,"failureMessages":[]},{"ancestorTitles":["","config/urls","getEnv"],"fullName":" config/urls getEnv detects uat from accountId","status":"passed","title":"detects uat from accountId","duration":1,"failureMessages":[]},{"ancestorTitles":["","config/urls","getEnv"],"fullName":" config/urls getEnv detects demo from accountId","status":"passed","title":"detects demo from accountId","duration":0,"failureMessages":[]},{"ancestorTitles":["","config/urls","getEnv"],"fullName":" config/urls getEnv falls back to prod for an unrecognized accountId","status":"passed","title":"falls back to prod for an unrecognized accountId","duration":0,"failureMessages":[]},{"ancestorTitles":["","config/urls","base URLs by env"],"fullName":" config/urls base URLs by env resolves prod datastream/host/report URLs","status":"passed","title":"resolves prod datastream/host/report URLs","duration":1,"failureMessages":[]},{"ancestorTitles":["","config/urls","base URLs by env"],"fullName":" config/urls base URLs by env resolves uat URLs","status":"passed","title":"resolves uat URLs","duration":0,"failureMessages":[]},{"ancestorTitles":["","config/urls","base URLs by env"],"fullName":" config/urls base URLs by env resolves demo URLs","status":"passed","title":"resolves demo URLs","duration":0,"failureMessages":[]},{"ancestorTitles":["","config/urls","setDatastreamBaseUrl override"],"fullName":" config/urls setDatastreamBaseUrl override overrides the datastream base URL and strips trailing slashes","status":"passed","title":"overrides the datastream base URL and strips trailing slashes","duration":0,"failureMessages":[]},{"ancestorTitles":["","config/urls","setDatastreamBaseUrl override"],"fullName":" config/urls setDatastreamBaseUrl override persists the override to localStorage so it survives clearing the in-memory value","status":"passed","title":"persists the override to localStorage so it survives clearing the in-memory value","duration":1,"failureMessages":[]},{"ancestorTitles":["","config/urls","setDatastreamBaseUrl override"],"fullName":" config/urls setDatastreamBaseUrl override falls back to the env URL when neither override nor persisted value exists","status":"passed","title":"falls back to the env URL when neither override nor persisted value exists","duration":0,"failureMessages":[]},{"ancestorTitles":["","config/urls","setDatastreamBaseUrl override"],"fullName":" config/urls setDatastreamBaseUrl override treats an empty string override as no override","status":"passed","title":"treats an empty string override as no override","duration":0,"failureMessages":[]},{"ancestorTitles":["","config/urls","setHostBaseUrl / setReportBaseUrl overrides"],"fullName":" config/urls setHostBaseUrl / setReportBaseUrl overrides overrides the host base URL","status":"passed","title":"overrides the host base URL","duration":0,"failureMessages":[]},{"ancestorTitles":["","config/urls","setHostBaseUrl / setReportBaseUrl overrides"],"fullName":" config/urls setHostBaseUrl / setReportBaseUrl overrides overrides the report base URL","status":"passed","title":"overrides the report base URL","duration":0,"failureMessages":[]}],"startTime":1782021139921,"endTime":1782021139925,"status":"passed","message":"","name":"/Users/salescode/Desktop/reports-npm-package/test/configUrls.test.ts"},{"assertionResults":[{"ancestorTitles":["","parseDateRangeAllowed"],"fullName":" parseDateRangeAllowed parses a singular day","status":"passed","title":"parses a singular day","duration":1,"failureMessages":[]},{"ancestorTitles":["","parseDateRangeAllowed"],"fullName":" parseDateRangeAllowed parses plural units and normalizes to singular","status":"passed","title":"parses plural units and normalizes to singular","duration":1,"failureMessages":[]},{"ancestorTitles":["","parseDateRangeAllowed"],"fullName":" parseDateRangeAllowed is case-insensitive on the unit","status":"passed","title":"is case-insensitive on the unit","duration":0,"failureMessages":[]},{"ancestorTitles":["","parseDateRangeAllowed"],"fullName":" parseDateRangeAllowed tolerates extra whitespace","status":"passed","title":"tolerates extra whitespace","duration":0,"failureMessages":[]},{"ancestorTitles":["","parseDateRangeAllowed"],"fullName":" parseDateRangeAllowed returns null for an unknown unit","status":"passed","title":"returns null for an unknown unit","duration":0,"failureMessages":[]},{"ancestorTitles":["","parseDateRangeAllowed"],"fullName":" parseDateRangeAllowed returns null when the amount is not a number","status":"passed","title":"returns null when the amount is not a number","duration":1,"failureMessages":[]},{"ancestorTitles":["","parseDateRangeAllowed"],"fullName":" parseDateRangeAllowed returns null for the wrong number of parts","status":"passed","title":"returns null for the wrong number of parts","duration":0,"failureMessages":[]},{"ancestorTitles":["","getDateRangeFromAllowed"],"fullName":" getDateRangeFromAllowed returns end === the reference date","status":"passed","title":"returns end === the reference date","duration":0,"failureMessages":[]},{"ancestorTitles":["","getDateRangeFromAllowed"],"fullName":" getDateRangeFromAllowed subtracts days","status":"passed","title":"subtracts days","duration":0,"failureMessages":[]},{"ancestorTitles":["","getDateRangeFromAllowed"],"fullName":" getDateRangeFromAllowed subtracts weeks as 7-day multiples","status":"passed","title":"subtracts weeks as 7-day multiples","duration":0,"failureMessages":[]},{"ancestorTitles":["","getDateRangeFromAllowed"],"fullName":" getDateRangeFromAllowed subtracts months","status":"passed","title":"subtracts months","duration":0,"failureMessages":[]},{"ancestorTitles":["","getDateRangeFromAllowed"],"fullName":" getDateRangeFromAllowed subtracts years","status":"passed","title":"subtracts years","duration":1,"failureMessages":[]},{"ancestorTitles":["","getDateRangeFromAllowed"],"fullName":" getDateRangeFromAllowed does not mutate the passed-in now","status":"passed","title":"does not mutate the passed-in now","duration":0,"failureMessages":[]},{"ancestorTitles":["","getDateRangeFromAllowed"],"fullName":" getDateRangeFromAllowed returns null for an invalid allowed string","status":"passed","title":"returns null for an invalid allowed string","duration":0,"failureMessages":[]},{"ancestorTitles":["","getLabelFromAllowed"],"fullName":" getLabelFromAllowed builds singular labels","status":"passed","title":"builds singular labels","duration":0,"failureMessages":[]},{"ancestorTitles":["","getLabelFromAllowed"],"fullName":" getLabelFromAllowed builds plural labels","status":"passed","title":"builds plural labels","duration":0,"failureMessages":[]},{"ancestorTitles":["","getLabelFromAllowed"],"fullName":" getLabelFromAllowed returns the original string when it cannot be parsed","status":"passed","title":"returns the original string when it cannot be parsed","duration":0,"failureMessages":[]},{"ancestorTitles":["","getMaxDateFromCustomRange"],"fullName":" getMaxDateFromCustomRange computes the inclusive max for days (start + n - 1)","status":"passed","title":"computes the inclusive max for days (start + n - 1)","duration":0,"failureMessages":[]},{"ancestorTitles":["","getMaxDateFromCustomRange"],"fullName":" getMaxDateFromCustomRange computes the inclusive max for weeks","status":"passed","title":"computes the inclusive max for weeks","duration":0,"failureMessages":[]},{"ancestorTitles":["","getMaxDateFromCustomRange"],"fullName":" getMaxDateFromCustomRange computes the max for months (next month minus a day)","status":"passed","title":"computes the max for months (next month minus a day)","duration":0,"failureMessages":[]},{"ancestorTitles":["","getMaxDateFromCustomRange"],"fullName":" getMaxDateFromCustomRange computes the max for years","status":"passed","title":"computes the max for years","duration":0,"failureMessages":[]},{"ancestorTitles":["","getMaxDateFromCustomRange"],"fullName":" getMaxDateFromCustomRange does not mutate the start date","status":"passed","title":"does not mutate the start date","duration":0,"failureMessages":[]},{"ancestorTitles":["","getMaxDateFromCustomRange"],"fullName":" getMaxDateFromCustomRange returns null for an invalid allowed string","status":"passed","title":"returns null for an invalid allowed string","duration":0,"failureMessages":[]}],"startTime":1782021138344,"endTime":1782021138348,"status":"passed","message":"","name":"/Users/salescode/Desktop/reports-npm-package/test/dateRangeUtils.test.ts"},{"assertionResults":[{"ancestorTitles":["","filterDistributorsBySelections"],"fullName":" filterDistributorsBySelections returns every loginId when no filters are applied","status":"passed","title":"returns every loginId when no filters are applied","duration":0,"failureMessages":[]},{"ancestorTitles":["","filterDistributorsBySelections"],"fullName":" filterDistributorsBySelections filters by distributor type","status":"passed","title":"filters by distributor type","duration":0,"failureMessages":[]},{"ancestorTitles":["","filterDistributorsBySelections"],"fullName":" filterDistributorsBySelections filters by division (prodauthcode contains the division)","status":"passed","title":"filters by division (prodauthcode contains the division)","duration":0,"failureMessages":[]},{"ancestorTitles":["","filterDistributorsBySelections"],"fullName":" filterDistributorsBySelections excludes features with no prodauthcode when a division is selected","status":"passed","title":"excludes features with no prodauthcode when a division is selected","duration":1,"failureMessages":[]},{"ancestorTitles":["","filterDistributorsBySelections"],"fullName":" filterDistributorsBySelections applies type and division filters together (AND)","status":"passed","title":"applies type and division filters together (AND)","duration":0,"failureMessages":[]},{"ancestorTitles":["","filterDistributorsBySelections"],"fullName":" filterDistributorsBySelections matches any of multiple selected divisions (OR within divisions)","status":"passed","title":"matches any of multiple selected divisions (OR within divisions)","duration":0,"failureMessages":[]},{"ancestorTitles":["","filterDistributorsBySelections"],"fullName":" filterDistributorsBySelections intersects the result with allowedLoginIds when provided","status":"passed","title":"intersects the result with allowedLoginIds when provided","duration":0,"failureMessages":[]},{"ancestorTitles":["","filterDistributorsBySelections"],"fullName":" filterDistributorsBySelections returns an empty array when allowedLoginIds excludes everything","status":"passed","title":"returns an empty array when allowedLoginIds excludes everything","duration":0,"failureMessages":[]},{"ancestorTitles":["","filterDistributorsBySelections"],"fullName":" filterDistributorsBySelections ignores an empty allowedLoginIds list (no narrowing)","status":"passed","title":"ignores an empty allowedLoginIds list (no narrowing)","duration":1,"failureMessages":[]},{"ancestorTitles":["","fetchDistributorMeta"],"fullName":" fetchDistributorMeta resolves to empty meta (host call is currently disabled)","status":"passed","title":"resolves to empty meta (host call is currently disabled)","duration":0,"failureMessages":[]}],"startTime":1782021142952,"endTime":1782021142955,"status":"passed","message":"","name":"/Users/salescode/Desktop/reports-npm-package/test/distributorMetaService.test.ts"},{"assertionResults":[{"ancestorTitles":["","buildLocationFilters"],"fullName":" buildLocationFilters returns an empty array for an empty path","status":"passed","title":"returns an empty array for an empty path","duration":1,"failureMessages":[]},{"ancestorTitles":["","buildLocationFilters"],"fullName":" buildLocationFilters maps each level to its value","status":"passed","title":"maps each level to its value","duration":1,"failureMessages":[]},{"ancestorTitles":["","buildLocationFilters"],"fullName":" buildLocationFilters dedupes by level, keeping the last value seen","status":"passed","title":"dedupes by level, keeping the last value seen","duration":0,"failureMessages":[]},{"ancestorTitles":["","buildUserFilters"],"fullName":" buildUserFilters returns an empty array for an empty path","status":"passed","title":"returns an empty array for an empty path","duration":0,"failureMessages":[]},{"ancestorTitles":["","buildUserFilters"],"fullName":" buildUserFilters marks the supplier (last) level as direct and others as not direct","status":"passed","title":"marks the supplier (last) level as direct and others as not direct","duration":0,"failureMessages":[]},{"ancestorTitles":["","buildUserFilters"],"fullName":" buildUserFilters treats no items at the supplier level as all indirect","status":"passed","title":"treats no items at the supplier level as all indirect","duration":1,"failureMessages":[]},{"ancestorTitles":["","buildUserFilters"],"fullName":" buildUserFilters uses the value as the userId","status":"passed","title":"uses the value as the userId","duration":0,"failureMessages":[]}],"startTime":1782021144164,"endTime":1782021144167,"status":"passed","message":"","name":"/Users/salescode/Desktop/reports-npm-package/test/downloadBuilders.test.ts"},{"assertionResults":[{"ancestorTitles":["","downloadReport orchestrator"],"fullName":" downloadReport orchestrator snapshot (default): submits to /rpt-generic/download, polls, and triggers a browser download","status":"passed","title":"snapshot (default): submits to /rpt-generic/download, polls, and triggers a browser download","duration":31,"failureMessages":[]},{"ancestorTitles":["","downloadReport orchestrator"],"fullName":" downloadReport orchestrator snapshot omits dateRange when the report has no date filter","status":"passed","title":"snapshot omits dateRange when the report has no date filter","duration":7,"failureMessages":[]},{"ancestorTitles":["","downloadReport orchestrator"],"fullName":" downloadReport orchestrator live report: submits to /live/download, polls, and triggers a browser download","status":"passed","title":"live report: submits to /live/download, polls, and triggers a browser download","duration":7,"failureMessages":[]},{"ancestorTitles":["","downloadReport orchestrator"],"fullName":" downloadReport orchestrator live report with period date type sends period/year instead of dateRange","status":"passed","title":"live report with period date type sends period/year instead of dateRange","duration":8,"failureMessages":[]},{"ancestorTitles":["","downloadReport orchestrator"],"fullName":" downloadReport orchestrator PDF report: creates a batchInvoicePdf task then polls it to success","status":"passed","title":"PDF report: creates a batchInvoicePdf task then polls it to success","duration":1008,"failureMessages":[]},{"ancestorTitles":["","downloadReport orchestrator"],"fullName":" downloadReport orchestrator PDF report: throws when no task id is returned","status":"passed","title":"PDF report: throws when no task id is returned","duration":2,"failureMessages":[]},{"ancestorTitles":["","downloadReport orchestrator"],"fullName":" downloadReport orchestrator GSTR report: creates an ExcelerExecutor task and polls it","status":"passed","title":"GSTR report: creates an ExcelerExecutor task and polls it","duration":1005,"failureMessages":[]},{"ancestorTitles":["","downloadReport orchestrator"],"fullName":" downloadReport orchestrator custom download: includes metadata from optionsMap when sendMetadata is set","status":"passed","title":"custom download: includes metadata from optionsMap when sendMetadata is set","duration":1004,"failureMessages":[]},{"ancestorTitles":["","downloadReport orchestrator"],"fullName":" downloadReport orchestrator task polling rejects when the task reports failure","status":"passed","title":"task polling rejects when the task reports failure","duration":1004,"failureMessages":[]},{"ancestorTitles":["","downloadReport orchestrator"],"fullName":" downloadReport orchestrator distributor primaryFilter passes distributor_code into the filters map","status":"passed","title":"distributor primaryFilter passes distributor_code into the filters map","duration":4,"failureMessages":[]},{"ancestorTitles":["","downloadReport orchestrator"],"fullName":" downloadReport orchestrator isDistributorView falls back to the logged-in user when no distributor selected","status":"passed","title":"isDistributorView falls back to the logged-in user when no distributor selected","duration":2,"failureMessages":[]}],"startTime":1782021132912,"endTime":1782021136994,"status":"passed","message":"","name":"/Users/salescode/Desktop/reports-npm-package/test/downloadReport.test.ts"},{"assertionResults":[{"ancestorTitles":["","summarizeDrillDownPath"],"fullName":" summarizeDrillDownPath returns an empty array for an empty path","status":"passed","title":"returns an empty array for an empty path","duration":1,"failureMessages":[]},{"ancestorTitles":["","summarizeDrillDownPath"],"fullName":" summarizeDrillDownPath groups consecutive items at the same level with a count","status":"passed","title":"groups consecutive items at the same level with a count","duration":0,"failureMessages":[]},{"ancestorTitles":["","summarizeDrillDownPath"],"fullName":" summarizeDrillDownPath produces one summary entry per contiguous level block","status":"passed","title":"produces one summary entry per contiguous level block","duration":1,"failureMessages":[]},{"ancestorTitles":["","summarizeDrillDownPath"],"fullName":" summarizeDrillDownPath does not merge same-level blocks that are not contiguous","status":"passed","title":"does not merge same-level blocks that are not contiguous","duration":0,"failureMessages":[]},{"ancestorTitles":["","transformApiResponseToFilterOptions"],"fullName":" transformApiResponseToFilterOptions returns an empty array for a non-array input","status":"passed","title":"returns an empty array for a non-array input","duration":0,"failureMessages":[]},{"ancestorTitles":["","transformApiResponseToFilterOptions"],"fullName":" transformApiResponseToFilterOptions maps default value/label keys","status":"passed","title":"maps default value/label keys","duration":0,"failureMessages":[]},{"ancestorTitles":["","transformApiResponseToFilterOptions"],"fullName":" transformApiResponseToFilterOptions honors custom value/label keys","status":"passed","title":"honors custom value/label keys","duration":0,"failureMessages":[]},{"ancestorTitles":["","transformApiResponseToFilterOptions"],"fullName":" transformApiResponseToFilterOptions yields undefined fields when keys are missing","status":"passed","title":"yields undefined fields when keys are missing","duration":0,"failureMessages":[]}],"startTime":1782021142377,"endTime":1782021142380,"status":"passed","message":"","name":"/Users/salescode/Desktop/reports-npm-package/test/hierarchyHelpers.test.ts"},{"assertionResults":[{"ancestorTitles":["","isMergedFilterForReport"],"fullName":" isMergedFilterForReport returns false when reportConfig is null","status":"passed","title":"returns false when reportConfig is null","duration":1,"failureMessages":[]},{"ancestorTitles":["","isMergedFilterForReport"],"fullName":" isMergedFilterForReport returns false when the alias is not a merged filter","status":"passed","title":"returns false when the alias is not a merged filter","duration":1,"failureMessages":[]},{"ancestorTitles":["","isMergedFilterForReport"],"fullName":" isMergedFilterForReport returns true for a configured merged filter alias","status":"passed","title":"returns true for a configured merged filter alias","duration":0,"failureMessages":[]},{"ancestorTitles":["","getMergedFilterSources"],"fullName":" getMergedFilterSources returns [] when there is no config or no match","status":"passed","title":"returns [] when there is no config or no match","duration":0,"failureMessages":[]},{"ancestorTitles":["","getMergedFilterSources"],"fullName":" getMergedFilterSources returns the configured source list","status":"passed","title":"returns the configured source list","duration":0,"failureMessages":[]},{"ancestorTitles":["","loadCustomFiltersForReport"],"fullName":" loadCustomFiltersForReport returns [] for a null config without calling the API","status":"passed","title":"returns [] for a null config without calling the API","duration":0,"failureMessages":[]},{"ancestorTitles":["","loadCustomFiltersForReport"],"fullName":" loadCustomFiltersForReport drops the global distributor_code filter","status":"passed","title":"drops the global distributor_code filter","duration":22,"failureMessages":[]},{"ancestorTitles":["","loadCustomFiltersForReport"],"fullName":" loadCustomFiltersForReport drops filters listed in filtersToHide","status":"passed","title":"drops filters listed in filtersToHide","duration":5,"failureMessages":[]},{"ancestorTitles":["","loadCustomFiltersForReport"],"fullName":" loadCustomFiltersForReport drops merged filter aliases and their source aliases","status":"passed","title":"drops merged filter aliases and their source aliases","duration":4,"failureMessages":[]},{"ancestorTitles":["","loadCustomFiltersForReport"],"fullName":" loadCustomFiltersForReport uses filterReportName over reportName when provided","status":"passed","title":"uses filterReportName over reportName when provided","duration":3,"failureMessages":[]}],"startTime":1782021141737,"endTime":1782021141774,"status":"passed","message":"","name":"/Users/salescode/Desktop/reports-npm-package/test/mdmCustomFiltersService.test.ts"},{"assertionResults":[{"ancestorTitles":["","networkService"],"fullName":" networkService datastreamGet hits the datastream base with auth + tenant headers","status":"passed","title":"datastreamGet hits the datastream base with auth + tenant headers","duration":23,"failureMessages":[]},{"ancestorTitles":["","networkService"],"fullName":" networkService datastreamGet forwards query params","status":"passed","title":"datastreamGet forwards query params","duration":5,"failureMessages":[]},{"ancestorTitles":["","networkService"],"fullName":" networkService datastreamPost sends the body and returns data","status":"passed","title":"datastreamPost sends the body and returns data","duration":5,"failureMessages":[]},{"ancestorTitles":["","networkService"],"fullName":" networkService hostGet/hostPost use the host base and lob header","status":"passed","title":"hostGet/hostPost use the host base and lob header","duration":5,"failureMessages":[]},{"ancestorTitles":["","networkService","fetchAndDownloadReport"],"fullName":" networkService fetchAndDownloadReport throws when the response is not ok","status":"passed","title":"throws when the response is not ok","duration":2,"failureMessages":[]},{"ancestorTitles":["","networkService","fetchAndDownloadReport"],"fullName":" networkService fetchAndDownloadReport downloads the blob and triggers an anchor click","status":"passed","title":"downloads the blob and triggers an anchor click","duration":4,"failureMessages":[]},{"ancestorTitles":["","networkService","fetchAndDownloadReport"],"fullName":" networkService fetchAndDownloadReport derives the filename from the URL when no Content-Disposition","status":"passed","title":"derives the filename from the URL when no Content-Disposition","duration":3,"failureMessages":[]}],"startTime":1782021140515,"endTime":1782021140562,"status":"passed","message":"","name":"/Users/salescode/Desktop/reports-npm-package/test/networkService.test.ts"},{"assertionResults":[{"ancestorTitles":["","sales hierarchy fetchers"],"fullName":" sales hierarchy fetchers fetchSalesDesignations unwraps .designations and passes the parent","status":"passed","title":"fetchSalesDesignations unwraps .designations and passes the parent","duration":23,"failureMessages":[]},{"ancestorTitles":["","sales hierarchy fetchers"],"fullName":" sales hierarchy fetchers fetchSalesDesignations falls back to a bare array response","status":"passed","title":"fetchSalesDesignations falls back to a bare array response","duration":6,"failureMessages":[]},{"ancestorTitles":["","sales hierarchy fetchers"],"fullName":" sales hierarchy fetchers fetchUsersByDesignation unwraps .users","status":"passed","title":"fetchUsersByDesignation unwraps .users","duration":3,"failureMessages":[]},{"ancestorTitles":["","sales hierarchy fetchers"],"fullName":" sales hierarchy fetchers fetchChildrenUsers passes userId + designation","status":"passed","title":"fetchChildrenUsers passes userId + designation","duration":4,"failureMessages":[]},{"ancestorTitles":["","geographical hierarchy fetchers"],"fullName":" geographical hierarchy fetchers fetchGeographicalLevels unwraps .levelsLowToHigh","status":"passed","title":"fetchGeographicalLevels unwraps .levelsLowToHigh","duration":3,"failureMessages":[]},{"ancestorTitles":["","geographical hierarchy fetchers"],"fullName":" geographical hierarchy fetchers fetchGeographicalLocations maps strings into {value,label}","status":"passed","title":"fetchGeographicalLocations maps strings into {value,label}","duration":3,"failureMessages":[]},{"ancestorTitles":["","geographical hierarchy fetchers"],"fullName":" geographical hierarchy fetchers fetchGeographicalLocationsUnder maps values into {value,label}","status":"passed","title":"fetchGeographicalLocationsUnder maps values into {value,label}","duration":4,"failureMessages":[]},{"ancestorTitles":["","geographical hierarchy fetchers"],"fullName":" geographical hierarchy fetchers fetchLocationUsers unwraps .users and forwards the designation","status":"passed","title":"fetchLocationUsers unwraps .users and forwards the designation","duration":4,"failureMessages":[]},{"ancestorTitles":["","fetchReportData"],"fullName":" fetchReportData sends report, count:true and defaults pageSize to 30","status":"passed","title":"sends report, count:true and defaults pageSize to 30","duration":5,"failureMessages":[]},{"ancestorTitles":["","fetchReportData"],"fullName":" fetchReportData spreads filter arrays as top-level keys","status":"passed","title":"spreads filter arrays as top-level keys","duration":2,"failureMessages":[]},{"ancestorTitles":["","fetchReportData"],"fullName":" fetchReportData joins distributor_code into a comma-separated string","status":"passed","title":"joins distributor_code into a comma-separated string","duration":1,"failureMessages":[]},{"ancestorTitles":["","fetchReportData"],"fullName":" fetchReportData forwards paging, since/until, pf and distributorFilter when present","status":"passed","title":"forwards paging, since/until, pf and distributorFilter when present","duration":2,"failureMessages":[]},{"ancestorTitles":["","fetchReportData"],"fullName":" fetchReportData returns the response data","status":"passed","title":"returns the response data","duration":2,"failureMessages":[]},{"ancestorTitles":["","fetchFilterValues"],"fullName":" fetchFilterValues returns the values list for the requested field","status":"passed","title":"returns the values list for the requested field","duration":2,"failureMessages":[]},{"ancestorTitles":["","fetchFilterValues"],"fullName":" fetchFilterValues returns [] when the field has no values","status":"passed","title":"returns [] when the field has no values","duration":2,"failureMessages":[]},{"ancestorTitles":["","fetchFilterValues"],"fullName":" fetchFilterValues merges additionalFilters and filters into the payload","status":"passed","title":"merges additionalFilters and filters into the payload","duration":1,"failureMessages":[]},{"ancestorTitles":["","fetchAvailableFilters / fetchColumnDefinitions"],"fullName":" fetchAvailableFilters / fetchColumnDefinitions fetchAvailableFilters returns the values of fields.filters.map","status":"passed","title":"fetchAvailableFilters returns the values of fields.filters.map","duration":2,"failureMessages":[]},{"ancestorTitles":["","fetchAvailableFilters / fetchColumnDefinitions"],"fullName":" fetchAvailableFilters / fetchColumnDefinitions fetchAvailableFilters returns [] when the map is missing","status":"passed","title":"fetchAvailableFilters returns [] when the map is missing","duration":2,"failureMessages":[]},{"ancestorTitles":["","fetchAvailableFilters / fetchColumnDefinitions"],"fullName":" fetchAvailableFilters / fetchColumnDefinitions fetchColumnDefinitions returns fields.columns","status":"passed","title":"fetchColumnDefinitions returns fields.columns","duration":1,"failureMessages":[]},{"ancestorTitles":["","downloads (async submit + poll)"],"fullName":" downloads (async submit + poll) submitSnapshotReportAsync posts to /rpt-generic/download and returns the runId","status":"passed","title":"submitSnapshotReportAsync posts to /rpt-generic/download and returns the runId","duration":2,"failureMessages":[]},{"ancestorTitles":["","downloads (async submit + poll)"],"fullName":" downloads (async submit + poll) submitLiveReportAsync posts to /live/download and returns the runId","status":"passed","title":"submitLiveReportAsync posts to /live/download and returns the runId","duration":2,"failureMessages":[]},{"ancestorTitles":["","downloads (async submit + poll)"],"fullName":" downloads (async submit + poll) submitAsync throws when no runId is returned","status":"passed","title":"submitAsync throws when no runId is returned","duration":4,"failureMessages":[]},{"ancestorTitles":["","downloads (async submit + poll)"],"fullName":" downloads (async submit + poll) submitAsync maps a 429 to a \"server busy\" error","status":"passed","title":"submitAsync maps a 429 to a \"server busy\" error","duration":6,"failureMessages":[]},{"ancestorTitles":["","downloads (async submit + poll)"],"fullName":" downloads (async submit + poll) pollAsyncReport returns the Blob once the run completes (200)","status":"passed","title":"pollAsyncReport returns the Blob once the run completes (200)","duration":3,"failureMessages":[]},{"ancestorTitles":["","downloads (async submit + poll)"],"fullName":" downloads (async submit + poll) pollAsyncReport keeps polling on 202 then resolves on 200","status":"passed","title":"pollAsyncReport keeps polling on 202 then resolves on 200","duration":4,"failureMessages":[]},{"ancestorTitles":["","downloads (async submit + poll)"],"fullName":" downloads (async submit + poll) pollAsyncReport rejects on a 422 failure status","status":"passed","title":"pollAsyncReport rejects on a 422 failure status","duration":1,"failureMessages":[]},{"ancestorTitles":["","downloads (async submit + poll)"],"fullName":" downloads (async submit + poll) pollAsyncReport rejects on a 404 unknown runId","status":"passed","title":"pollAsyncReport rejects on a 404 unknown runId","duration":2,"failureMessages":[]}],"startTime":1782021131566,"endTime":1782021131664,"status":"passed","message":"","name":"/Users/salescode/Desktop/reports-npm-package/test/reportsDataService.test.ts"},{"assertionResults":[{"ancestorTitles":["","useHierarchyLoaders — sales"],"fullName":" useHierarchyLoaders — sales no-ops loadSalesLevels when no sales filter is configured","status":"passed","title":"no-ops loadSalesLevels when no sales filter is configured","duration":7,"failureMessages":[]},{"ancestorTitles":["","useHierarchyLoaders — sales"],"fullName":" useHierarchyLoaders — sales loadSalesLevels derives levels from hierarchyOrder, excluding supplier","status":"passed","title":"loadSalesLevels derives levels from hierarchyOrder, excluding supplier","duration":2,"failureMessages":[]},{"ancestorTitles":["","useHierarchyLoaders — sales"],"fullName":" useHierarchyLoaders — sales loadSalesLevels falls back to the API when hierarchyOrder is empty","status":"passed","title":"loadSalesLevels falls back to the API when hierarchyOrder is empty","duration":22,"failureMessages":[]},{"ancestorTitles":["","useHierarchyLoaders — sales"],"fullName":" useHierarchyLoaders — sales loadSalesValues fetches top-level users by designation","status":"passed","title":"loadSalesValues fetches top-level users by designation","duration":6,"failureMessages":[]},{"ancestorTitles":["","useHierarchyLoaders — sales"],"fullName":" useHierarchyLoaders — sales loadSalesValues fetches children when a parent is selected in filters","status":"passed","title":"loadSalesValues fetches children when a parent is selected in filters","duration":5,"failureMessages":[]},{"ancestorTitles":["","useHierarchyLoaders — sales"],"fullName":" useHierarchyLoaders — sales loadSalesValues serves from cache when the parent context is valid","status":"passed","title":"loadSalesValues serves from cache when the parent context is valid","duration":1,"failureMessages":[]},{"ancestorTitles":["","useHierarchyLoaders — sales"],"fullName":" useHierarchyLoaders — sales loadSalesValues falls the option list back to [] on API error","status":"passed","title":"loadSalesValues falls the option list back to [] on API error","duration":8,"failureMessages":[]},{"ancestorTitles":["","useHierarchyLoaders — sales"],"fullName":" useHierarchyLoaders — sales dedupes children users across multiple parents","status":"passed","title":"dedupes children users across multiple parents","duration":7,"failureMessages":[]},{"ancestorTitles":["","useHierarchyLoaders — geographical"],"fullName":" useHierarchyLoaders — geographical no-ops when no geo filter is configured","status":"passed","title":"no-ops when no geo filter is configured","duration":2,"failureMessages":[]},{"ancestorTitles":["","useHierarchyLoaders — geographical"],"fullName":" useHierarchyLoaders — geographical loadGeographicalLevels reverses the API levels (high→low) and sets order","status":"passed","title":"loadGeographicalLevels reverses the API levels (high→low) and sets order","duration":3,"failureMessages":[]},{"ancestorTitles":["","useHierarchyLoaders — geographical"],"fullName":" useHierarchyLoaders — geographical loadGeographicalValues fetches root locations for the top level","status":"passed","title":"loadGeographicalValues fetches root locations for the top level","duration":3,"failureMessages":[]},{"ancestorTitles":["","useHierarchyLoaders — geographical"],"fullName":" useHierarchyLoaders — geographical loadGeographicalValues fetches locations under a selected parent","status":"passed","title":"loadGeographicalValues fetches locations under a selected parent","duration":6,"failureMessages":[]},{"ancestorTitles":["","useHierarchyLoaders — geographical"],"fullName":" useHierarchyLoaders — geographical loadGeographicalValues lazily loads the hierarchy order when empty","status":"passed","title":"loadGeographicalValues lazily loads the hierarchy order when empty","duration":5,"failureMessages":[]},{"ancestorTitles":["","useHierarchyLoaders — geographical"],"fullName":" useHierarchyLoaders — geographical falls the geo option list back to [] on API error","status":"passed","title":"falls the geo option list back to [] on API error","duration":2,"failureMessages":[]}],"startTime":1782021132227,"endTime":1782021132306,"status":"passed","message":"","name":"/Users/salescode/Desktop/reports-npm-package/test/useHierarchyLoaders.test.ts"}]}