{"total": {"lines":{"total":561,"covered":510,"skipped":0,"pct":90.9},"statements":{"total":628,"covered":563,"skipped":0,"pct":89.64},"functions":{"total":137,"covered":130,"skipped":0,"pct":94.89},"branches":{"total":602,"covered":460,"skipped":0,"pct":76.41},"branchesTrue":{"total":0,"covered":0,"skipped":0,"pct":100}}
,"/Users/salescode/Desktop/reports-npm-package/src/components/CompactCheckboxDropdown.tsx": {"lines":{"total":62,"covered":62,"skipped":0,"pct":100},"functions":{"total":22,"covered":22,"skipped":0,"pct":100},"statements":{"total":73,"covered":71,"skipped":0,"pct":97.26},"branches":{"total":100,"covered":80,"skipped":0,"pct":80}}
,"/Users/salescode/Desktop/reports-npm-package/src/config/auth.ts": {"lines":{"total":25,"covered":25,"skipped":0,"pct":100},"functions":{"total":7,"covered":7,"skipped":0,"pct":100},"statements":{"total":25,"covered":25,"skipped":0,"pct":100},"branches":{"total":24,"covered":23,"skipped":0,"pct":95.83}}
,"/Users/salescode/Desktop/reports-npm-package/src/config/urls.ts": {"lines":{"total":22,"covered":22,"skipped":0,"pct":100},"functions":{"total":8,"covered":8,"skipped":0,"pct":100},"statements":{"total":24,"covered":24,"skipped":0,"pct":100},"branches":{"total":24,"covered":21,"skipped":0,"pct":87.5}}
,"/Users/salescode/Desktop/reports-npm-package/src/screens/ReportTiles.tsx": {"lines":{"total":101,"covered":85,"skipped":0,"pct":84.15},"functions":{"total":33,"covered":31,"skipped":0,"pct":93.93},"statements":{"total":112,"covered":93,"skipped":0,"pct":83.03},"branches":{"total":95,"covered":77,"skipped":0,"pct":81.05}}
,"/Users/salescode/Desktop/reports-npm-package/src/services/configService.ts": {"lines":{"total":11,"covered":11,"skipped":0,"pct":100},"functions":{"total":2,"covered":2,"skipped":0,"pct":100},"statements":{"total":13,"covered":13,"skipped":0,"pct":100},"branches":{"total":10,"covered":10,"skipped":0,"pct":100}}
,"/Users/salescode/Desktop/reports-npm-package/src/services/distributorMetaService.ts": {"lines":{"total":16,"covered":16,"skipped":0,"pct":100},"functions":{"total":8,"covered":8,"skipped":0,"pct":100},"statements":{"total":21,"covered":21,"skipped":0,"pct":100},"branches":{"total":10,"covered":10,"skipped":0,"pct":100}}
,"/Users/salescode/Desktop/reports-npm-package/src/services/mdmCustomFiltersService.ts": {"lines":{"total":18,"covered":18,"skipped":0,"pct":100},"functions":{"total":4,"covered":4,"skipped":0,"pct":100},"statements":{"total":23,"covered":23,"skipped":0,"pct":100},"branches":{"total":20,"covered":20,"skipped":0,"pct":100}}
,"/Users/salescode/Desktop/reports-npm-package/src/services/mdmReportsDownloadService.ts": {"lines":{"total":145,"covered":117,"skipped":0,"pct":80.68},"functions":{"total":21,"covered":16,"skipped":0,"pct":76.19},"statements":{"total":160,"covered":123,"skipped":0,"pct":76.87},"branches":{"total":164,"covered":96,"skipped":0,"pct":58.53}}
,"/Users/salescode/Desktop/reports-npm-package/src/services/networkService.ts": {"lines":{"total":26,"covered":26,"skipped":0,"pct":100},"functions":{"total":5,"covered":5,"skipped":0,"pct":100},"statements":{"total":27,"covered":27,"skipped":0,"pct":100},"branches":{"total":8,"covered":6,"skipped":0,"pct":75}}
,"/Users/salescode/Desktop/reports-npm-package/src/services/reportsDataService.ts": {"lines":{"total":76,"covered":69,"skipped":0,"pct":90.78},"functions":{"total":19,"covered":19,"skipped":0,"pct":100},"statements":{"total":80,"covered":73,"skipped":0,"pct":91.25},"branches":{"total":90,"covered":61,"skipped":0,"pct":67.77}}
,"/Users/salescode/Desktop/reports-npm-package/src/types/mdmReportsUtils.ts": {"lines":{"total":45,"covered":45,"skipped":0,"pct":100},"functions":{"total":5,"covered":5,"skipped":0,"pct":100},"statements":{"total":54,"covered":54,"skipped":0,"pct":100},"branches":{"total":51,"covered":50,"skipped":0,"pct":98.03}}
,"/Users/salescode/Desktop/reports-npm-package/src/utils/hierarchyHelpers.ts": {"lines":{"total":14,"covered":14,"skipped":0,"pct":100},"functions":{"total":3,"covered":3,"skipped":0,"pct":100},"statements":{"total":16,"covered":16,"skipped":0,"pct":100},"branches":{"total":6,"covered":6,"skipped":0,"pct":100}}
}
