TN:
SF:src/components/CompactCheckboxDropdown.tsx
FN:30,CompactCheckboxDropdown
FN:61,(anonymous_1)
FN:74,(anonymous_2)
FN:79,(anonymous_3)
FN:87,(anonymous_4)
FN:89,(anonymous_5)
FN:98,(anonymous_6)
FN:101,handleOpen
FN:107,handleClose
FN:114,handleToggle
FN:117,(anonymous_10)
FN:126,handleSelectAll
FN:127,(anonymous_12)
FN:135,handleSearchInput
FN:141,(anonymous_14)
FN:144,(anonymous_15)
FN:146,(anonymous_16)
FN:149,(anonymous_17)
FN:164,(anonymous_18)
FN:217,(anonymous_19)
FN:241,(anonymous_20)
FN:245,(anonymous_21)
FNF:22
FNH:22
FNDA:54,CompactCheckboxDropdown
FNDA:14,(anonymous_1)
FNDA:34,(anonymous_2)
FNDA:14,(anonymous_3)
FNDA:34,(anonymous_4)
FNDA:10,(anonymous_5)
FNDA:14,(anonymous_6)
FNDA:15,handleOpen
FNDA:3,handleClose
FNDA:4,handleToggle
FNDA:1,(anonymous_10)
FNDA:2,handleSelectAll
FNDA:6,(anonymous_12)
FNDA:6,handleSearchInput
FNDA:27,(anonymous_14)
FNDA:71,(anonymous_15)
FNDA:14,(anonymous_16)
FNDA:5,(anonymous_17)
FNDA:16,(anonymous_18)
FNDA:6,(anonymous_19)
FNDA:78,(anonymous_20)
FNDA:4,(anonymous_21)
DA:49,54
DA:50,54
DA:51,54
DA:52,54
DA:53,54
DA:55,54
DA:56,54
DA:58,54
DA:61,54
DA:62,14
DA:63,14
DA:64,14
DA:67,14
DA:74,54
DA:75,34
DA:76,14
DA:77,14
DA:78,14
DA:79,14
DA:80,14
DA:81,14
DA:87,54
DA:88,34
DA:89,14
DA:90,10
DA:94,1
DA:97,14
DA:98,14
DA:102,15
DA:103,14
DA:104,14
DA:108,3
DA:109,3
DA:110,3
DA:111,3
DA:115,4
DA:116,3
DA:117,1
DA:119,3
DA:121,1
DA:122,1
DA:127,6
DA:128,2
DA:129,1
DA:131,1
DA:136,6
DA:137,6
DA:140,54
DA:141,27
DA:144,71
DA:146,54
DA:147,14
DA:148,14
DA:149,5
DA:150,4
DA:153,54
DA:157,54
DA:159,54
DA:164,16
DA:217,6
DA:242,78
DA:245,4
LF:62
LH:62
BRDA:37,0,0,51
BRDA:38,1,0,51
BRDA:41,2,0,53
BRDA:43,3,0,50
BRDA:56,4,0,3
BRDA:56,4,1,51
BRDA:62,5,0,0
BRDA:62,5,1,14
BRDA:64,6,0,0
BRDA:64,6,1,14
BRDA:65,7,0,0
BRDA:65,7,1,0
BRDA:65,8,0,0
BRDA:65,8,1,0
BRDA:66,9,0,0
BRDA:66,9,1,14
BRDA:66,10,0,0
BRDA:66,10,1,0
BRDA:66,11,0,0
BRDA:66,11,1,0
BRDA:75,12,0,14
BRDA:75,12,1,20
BRDA:88,13,0,20
BRDA:88,13,1,14
BRDA:90,14,0,1
BRDA:90,14,1,9
BRDA:91,15,0,10
BRDA:91,15,1,10
BRDA:91,15,2,9
BRDA:91,15,3,9
BRDA:102,16,0,1
BRDA:102,16,1,14
BRDA:109,17,0,3
BRDA:109,17,1,0
BRDA:115,18,0,3
BRDA:115,18,1,1
BRDA:116,19,0,1
BRDA:116,19,1,2
BRDA:118,20,0,1
BRDA:118,20,1,1
BRDA:118,21,0,2
BRDA:118,21,1,1
BRDA:121,22,0,0
BRDA:121,22,1,1
BRDA:128,23,0,1
BRDA:128,23,1,1
BRDA:136,24,0,6
BRDA:136,24,1,0
BRDA:140,25,0,9
BRDA:140,25,1,45
BRDA:144,26,0,54
BRDA:144,26,1,54
BRDA:147,27,0,0
BRDA:147,27,1,14
BRDA:148,28,0,10
BRDA:148,28,1,4
BRDA:150,29,0,4
BRDA:150,29,1,0
BRDA:153,30,0,0
BRDA:153,30,1,54
BRDA:154,31,0,0
BRDA:154,31,1,0
BRDA:157,32,0,54
BRDA:157,32,1,0
BRDA:163,33,0,1
BRDA:163,33,1,53
BRDA:163,34,0,14
BRDA:163,34,1,40
BRDA:163,35,0,34
BRDA:163,35,1,20
BRDA:164,36,0,1
BRDA:164,36,1,15
BRDA:168,37,0,54
BRDA:168,37,1,14
BRDA:172,38,0,54
BRDA:172,38,1,40
BRDA:176,39,0,14
BRDA:176,39,1,40
BRDA:185,40,0,34
BRDA:185,40,1,20
BRDA:193,41,0,54
BRDA:193,41,1,34
BRDA:207,42,0,34
BRDA:207,42,1,32
BRDA:222,43,0,34
BRDA:222,43,1,4
BRDA:222,43,2,4
BRDA:222,43,3,4
BRDA:222,43,4,4
BRDA:234,44,0,2
BRDA:234,44,1,32
BRDA:238,45,0,3
BRDA:238,45,1,29
BRDA:247,46,0,72
BRDA:247,46,1,6
BRDA:267,47,0,34
BRDA:267,47,1,32
BRDA:267,47,2,6
BRDA:269,48,0,2
BRDA:269,48,1,4
BRF:100
BRH:80
end_of_record
TN:
SF:src/config/auth.ts
FN:2,getCookie
FN:14,syncAuthFromCookies
FN:26,getAccessToken
FN:30,getTenantId
FN:34,getAuthContext
FN:48,getDatastreamHeaders
FN:61,getHostHeaders
FNF:7
FNH:7
FNDA:6,getCookie
FNDA:3,syncAuthFromCookies
FNDA:81,getAccessToken
FNDA:97,getTenantId
FNDA:26,getAuthContext
FNDA:63,getDatastreamHeaders
FNDA:13,getHostHeaders
DA:3,6
DA:4,6
DA:15,3
DA:16,3
DA:18,3
DA:19,2
DA:21,3
DA:22,1
DA:27,81
DA:31,97
DA:35,26
DA:36,26
DA:37,26
DA:38,25
DA:43,1
DA:49,63
DA:50,63
DA:54,63
DA:55,17
DA:57,63
DA:62,13
DA:63,13
DA:66,13
DA:67,12
DA:69,13
LF:25
LH:25
BRDA:4,0,0,3
BRDA:4,0,1,3
BRDA:18,1,0,2
BRDA:18,1,1,1
BRDA:21,2,0,1
BRDA:21,2,1,2
BRDA:27,3,0,81
BRDA:27,3,1,48
BRDA:31,4,0,97
BRDA:31,4,1,50
BRDA:36,5,0,26
BRDA:36,5,1,21
BRDA:39,6,0,25
BRDA:39,6,1,22
BRDA:40,7,0,25
BRDA:40,7,1,22
BRDA:54,8,0,17
BRDA:54,8,1,46
BRDA:55,9,0,1
BRDA:55,9,1,16
BRDA:66,10,0,12
BRDA:66,10,1,1
BRDA:67,11,0,0
BRDA:67,11,1,12
BRF:24
BRH:23
end_of_record
TN:
SF:src/config/urls.ts
FN:28,getEnv
FN:42,setDatastreamBaseUrl
FN:53,setHostBaseUrl
FN:57,setReportBaseUrl
FN:61,getDatastreamBaseUrl
FN:70,getMarketplaceBaseUrl
FN:74,getHostBaseUrl
FN:78,getReportBaseUrl
FNF:8
FNH:8
FNDA:84,getEnv
FNDA:6,setDatastreamBaseUrl
FNDA:2,setHostBaseUrl
FNDA:2,setReportBaseUrl
FNDA:66,getDatastreamBaseUrl
FNDA:4,getMarketplaceBaseUrl
FNDA:15,getHostBaseUrl
FNDA:3,getReportBaseUrl
DA:2,8
DA:9,8
DA:16,8
DA:22,8
DA:29,84
DA:30,84
DA:31,81
DA:32,79
DA:35,8
DA:36,8
DA:37,8
DA:39,8
DA:43,6
DA:44,6
DA:45,6
DA:49,2
DA:54,2
DA:58,2
DA:62,66
DA:71,4
DA:75,15
DA:79,3
LF:22
LH:22
BRDA:29,0,0,84
BRDA:29,0,1,52
BRDA:30,1,0,3
BRDA:30,1,1,81
BRDA:31,2,0,2
BRDA:31,2,1,79
BRDA:43,3,0,6
BRDA:43,3,1,4
BRDA:45,4,0,2
BRDA:45,4,1,4
BRDA:54,5,0,2
BRDA:54,5,1,1
BRDA:58,6,0,2
BRDA:58,6,1,1
BRDA:63,7,0,66
BRDA:63,7,1,65
BRDA:63,7,2,64
BRDA:63,7,3,0
BRDA:75,8,0,15
BRDA:75,8,1,14
BRDA:75,8,2,0
BRDA:79,9,0,3
BRDA:79,9,1,2
BRDA:79,9,2,0
BRF:24
BRH:21
end_of_record
TN:
SF:src/screens/ReportTiles.tsx
FN:13,loadFavs
FN:24,saveFavs
FN:32,ReportTiles
FN:43,(anonymous_3)
FN:45,(anonymous_4)
FN:51,(anonymous_5)
FN:60,(anonymous_6)
FN:64,(anonymous_7)
FN:73,(anonymous_8)
FN:81,(anonymous_9)
FN:86,(anonymous_10)
FN:91,(anonymous_11)
FN:102,(anonymous_12)
FN:102,(anonymous_13)
FN:121,(anonymous_14)
FN:122,(anonymous_15)
FN:131,(anonymous_16)
FN:145,(anonymous_17)
FN:147,(anonymous_18)
FN:160,(anonymous_19)
FN:174,(anonymous_20)
FN:178,(anonymous_21)
FN:213,ReportCard
FN:218,(anonymous_23)
FN:237,(anonymous_24)
FN:248,(anonymous_25)
FN:262,SearchIcon
FN:272,CloseIcon
FN:282,DownloadIcon
FN:293,StarIcon
FN:302,FileSearchIcon
FN:315,ReportGlyph
FN:324,(anonymous_32)
FNF:33
FNH:31
FNDA:13,loadFavs
FNDA:1,saveFavs
FNDA:49,ReportTiles
FNDA:1,(anonymous_3)
FNDA:4,(anonymous_4)
FNDA:1,(anonymous_5)
FNDA:49,(anonymous_6)
FNDA:4,(anonymous_7)
FNDA:0,(anonymous_8)
FNDA:193,(anonymous_9)
FNDA:193,(anonymous_10)
FNDA:193,(anonymous_11)
FNDA:102,(anonymous_12)
FNDA:204,(anonymous_13)
FNDA:30,(anonymous_14)
FNDA:1,(anonymous_15)
FNDA:1,(anonymous_16)
FNDA:4,(anonymous_17)
FNDA:4,(anonymous_18)
FNDA:2,(anonymous_19)
FNDA:61,(anonymous_20)
FNDA:100,(anonymous_21)
FNDA:102,ReportCard
FNDA:1,(anonymous_23)
FNDA:1,(anonymous_24)
FNDA:0,(anonymous_25)
FNDA:48,SearchIcon
FNDA:30,CloseIcon
FNDA:102,DownloadIcon
FNDA:102,StarIcon
FNDA:10,FileSearchIcon
FNDA:102,ReportGlyph
FNDA:102,(anonymous_32)
DA:11,1
DA:14,13
DA:15,13
DA:16,13
DA:17,1
DA:18,1
DA:20,0
DA:25,1
DA:26,1
DA:33,49
DA:34,49
DA:35,49
DA:36,49
DA:40,49
DA:41,49
DA:43,49
DA:44,1
DA:45,1
DA:46,4
DA:47,4
DA:49,1
DA:51,1
DA:52,1
DA:53,1
DA:54,1
DA:55,1
DA:56,1
DA:60,49
DA:61,49
DA:62,49
DA:63,1
DA:64,1
DA:65,4
DA:66,4
DA:67,4
DA:68,4
DA:69,4
DA:70,4
DA:71,0
DA:72,0
DA:73,0
DA:74,0
DA:75,0
DA:80,49
DA:81,49
DA:82,193
DA:86,193
DA:89,49
DA:90,49
DA:91,49
DA:92,193
DA:93,100
DA:94,100
DA:95,61
DA:96,61
DA:98,100
DA:101,49
DA:102,102
DA:103,204
DA:106,49
DA:121,30
DA:123,1
DA:132,1
DA:133,1
DA:146,4
DA:147,4
DA:161,2
DA:175,61
DA:179,100
DA:214,102
DA:218,1
DA:238,1
DA:239,1
DA:249,0
DA:250,0
DA:263,48
DA:273,30
DA:283,102
DA:294,102
DA:303,10
DA:316,102
DA:317,102
DA:324,102
DA:325,102
DA:328,102
DA:329,0
DA:330,102
DA:331,0
DA:332,102
DA:333,0
DA:334,102
DA:335,0
DA:336,102
DA:337,0
DA:338,102
DA:339,0
DA:340,102
DA:341,0
DA:342,102
DA:343,0
DA:346,102
LF:101
LH:85
BRDA:16,0,0,12
BRDA:16,0,1,1
BRDA:18,1,0,1
BRDA:18,1,1,0
BRDA:32,2,0,48
BRDA:47,3,0,4
BRDA:47,3,1,0
BRDA:47,4,0,4
BRDA:47,4,1,4
BRDA:53,5,0,0
BRDA:53,5,1,1
BRDA:62,6,0,48
BRDA:62,6,1,1
BRDA:66,7,0,0
BRDA:66,7,1,4
BRDA:66,8,0,4
BRDA:66,8,1,4
BRDA:66,8,2,4
BRDA:70,9,0,4
BRDA:70,9,1,0
BRDA:70,10,0,4
BRDA:70,10,1,4
BRDA:82,11,0,193
BRDA:82,11,1,120
BRDA:82,11,2,104
BRDA:84,12,0,104
BRDA:84,12,1,0
BRDA:86,13,0,193
BRDA:86,13,1,2
BRDA:92,14,0,93
BRDA:92,14,1,100
BRDA:92,15,0,193
BRDA:92,15,1,191
BRDA:93,16,0,100
BRDA:93,16,1,1
BRDA:94,17,0,61
BRDA:94,17,1,39
BRDA:101,18,0,49
BRDA:101,18,1,47
BRDA:109,19,0,49
BRDA:109,19,1,48
BRDA:112,20,0,35
BRDA:112,20,1,13
BRDA:123,21,0,0
BRDA:123,21,1,1
BRDA:126,22,0,35
BRDA:126,22,1,30
BRDA:156,23,0,49
BRDA:156,23,1,2
BRDA:192,24,0,49
BRDA:192,24,1,10
BRDA:196,25,0,10
BRDA:196,25,1,0
BRDA:217,26,0,2
BRDA:217,26,1,100
BRDA:227,27,0,102
BRDA:227,27,1,19
BRDA:228,28,0,102
BRDA:228,28,1,0
BRDA:229,29,0,102
BRDA:229,29,1,0
BRDA:235,30,0,2
BRDA:235,30,1,100
BRDA:236,31,0,2
BRDA:236,31,1,100
BRDA:295,32,0,2
BRDA:295,32,1,100
BRDA:328,33,0,0
BRDA:328,33,1,102
BRDA:328,34,0,102
BRDA:328,34,1,102
BRDA:330,35,0,0
BRDA:330,35,1,102
BRDA:332,36,0,0
BRDA:332,36,1,102
BRDA:332,37,0,102
BRDA:332,37,1,102
BRDA:334,38,0,0
BRDA:334,38,1,102
BRDA:336,39,0,0
BRDA:336,39,1,102
BRDA:336,40,0,102
BRDA:336,40,1,102
BRDA:336,40,2,102
BRDA:338,41,0,0
BRDA:338,41,1,102
BRDA:338,42,0,102
BRDA:338,42,1,102
BRDA:340,43,0,0
BRDA:340,43,1,102
BRDA:342,44,0,0
BRDA:342,44,1,102
BRDA:342,45,0,102
BRDA:342,45,1,102
BRDA:342,45,2,102
BRF:95
BRH:77
end_of_record
TN:
SF:src/services/configService.ts
FN:37,fetchReportConfigs
FN:52,(anonymous_1)
FNF:2
FNH:2
FNDA:5,fetchReportConfigs
FNDA:4,(anonymous_1)
DA:30,1
DA:38,5
DA:39,5
DA:40,4
DA:42,4
DA:45,4
DA:50,4
DA:51,4
DA:52,4
DA:55,4
DA:57,1
LF:11
LH:11
BRDA:30,0,0,1
BRDA:30,0,1,1
BRDA:39,1,0,1
BRDA:39,1,1,4
BRDA:50,2,0,4
BRDA:50,2,1,1
BRDA:52,3,0,4
BRDA:52,3,1,2
BRDA:55,4,0,3
BRDA:55,4,1,1
BRF:10
BRH:10
end_of_record
TN:
SF:src/services/distributorMetaService.ts
FN:7,fetchDistributorMeta
FN:42,filterDistributorsBySelections
FN:51,(anonymous_2)
FN:57,(anonymous_3)
FN:59,(anonymous_4)
FN:60,(anonymous_5)
FN:64,(anonymous_6)
FN:68,(anonymous_7)
FNF:8
FNH:8
FNDA:1,fetchDistributorMeta
FNDA:9,filterDistributorsBySelections
FNDA:16,(anonymous_2)
FNDA:14,(anonymous_3)
FNDA:15,(anonymous_4)
FNDA:13,(anonymous_5)
FNDA:19,(anonymous_6)
FNDA:6,(anonymous_7)
DA:5,1
DA:10,1
DA:48,9
DA:50,9
DA:51,4
DA:52,16
DA:56,9
DA:57,4
DA:58,14
DA:59,15
DA:60,13
DA:64,19
DA:66,9
DA:67,2
DA:68,6
DA:71,9
LF:16
LH:16
BRDA:50,0,0,4
BRDA:50,0,1,5
BRDA:56,1,0,4
BRDA:56,1,1,5
BRDA:58,2,0,3
BRDA:58,2,1,11
BRDA:66,3,0,2
BRDA:66,3,1,7
BRDA:66,4,0,9
BRDA:66,4,1,3
BRF:10
BRH:10
end_of_record
TN:
SF:src/services/mdmCustomFiltersService.ts
FN:14,loadCustomFiltersForReport
FN:33,(anonymous_1)
FN:42,isMergedFilterForReport
FN:49,getMergedFilterSources
FNF:4
FNH:4
FNDA:5,loadCustomFiltersForReport
FNDA:7,(anonymous_1)
FNDA:3,isMergedFilterForReport
FNDA:3,getMergedFilterSources
DA:5,1
DA:17,5
DA:19,4
DA:20,4
DA:22,4
DA:23,4
DA:26,4
DA:27,4
DA:28,1
DA:29,1
DA:33,4
DA:34,7
DA:35,6
DA:36,5
DA:37,4
DA:38,3
DA:46,3
DA:53,3
LF:18
LH:18
BRDA:17,0,0,1
BRDA:17,0,1,4
BRDA:19,1,0,4
BRDA:19,1,1,3
BRDA:22,2,0,4
BRDA:22,2,1,3
BRDA:23,3,0,4
BRDA:23,3,1,3
BRDA:27,4,0,4
BRDA:27,4,1,3
BRDA:34,5,0,1
BRDA:34,5,1,6
BRDA:35,6,0,1
BRDA:35,6,1,5
BRDA:36,7,0,1
BRDA:36,7,1,4
BRDA:37,8,0,1
BRDA:37,8,1,3
BRDA:53,9,0,3
BRDA:53,9,1,2
BRF:20
BRH:20
end_of_record
TN:
SF:src/services/mdmReportsDownloadService.ts
FN:15,toUtcDateString
FN:16,(anonymous_1)
FN:20,convertDayjsStartDateToUtcString
FN:25,convertDayjsEndDateToUtcString
FN:32,triggerBrowserDownload
FN:45,pollTaskAndDownload
FN:46,(anonymous_6)
FN:47,(anonymous_7)
FN:74,buildLocationFilters
FN:81,(anonymous_9)
FN:84,buildUserFilters
FN:89,(anonymous_11)
FN:95,collectDistributorCodes
FN:124,(anonymous_13)
FN:131,(anonymous_14)
FN:137,buildFiltersMap
FN:163,(anonymous_16)
FN:167,(anonymous_17)
FN:199,downloadReport
FN:216,(anonymous_19)
FN:316,(anonymous_20)
FNF:21
FNH:16
FNDA:4,toUtcDateString
FNDA:20,(anonymous_1)
FNDA:2,convertDayjsStartDateToUtcString
FNDA:2,convertDayjsEndDateToUtcString
FNDA:6,triggerBrowserDownload
FNDA:4,pollTaskAndDownload
FNDA:4,(anonymous_6)
FNDA:4,(anonymous_7)
FNDA:3,buildLocationFilters
FNDA:3,(anonymous_9)
FNDA:4,buildUserFilters
FNDA:4,(anonymous_11)
FNDA:11,collectDistributorCodes
FNDA:0,(anonymous_13)
FNDA:0,(anonymous_14)
FNDA:11,buildFiltersMap
FNDA:0,(anonymous_16)
FNDA:0,(anonymous_17)
FNDA:11,downloadReport
FNDA:0,(anonymous_19)
FNDA:2,(anonymous_20)
DA:16,20
DA:17,4
DA:21,2
DA:22,2
DA:26,2
DA:27,2
DA:33,6
DA:34,6
DA:35,6
DA:36,6
DA:37,6
DA:38,6
DA:39,6
DA:40,6
DA:46,4
DA:47,4
DA:48,4
DA:49,4
DA:50,4
DA:51,4
DA:52,4
DA:54,4
DA:55,3
DA:56,3
DA:57,0
DA:59,3
DA:60,1
DA:61,1
DA:62,1
DA:65,0
DA:66,0
DA:77,3
DA:78,3
DA:79,4
DA:81,3
DA:88,4
DA:89,4
DA:96,11
DA:97,11
DA:100,11
DA:101,10
DA:102,10
DA:104,10
DA:105,9
DA:108,1
DA:109,1
DA:112,0
DA:113,0
DA:114,0
DA:115,0
DA:116,0
DA:118,0
DA:119,0
DA:123,0
DA:124,0
DA:127,0
DA:128,0
DA:129,0
DA:130,0
DA:131,0
DA:134,0
DA:141,11
DA:142,11
DA:144,11
DA:145,2
DA:149,11
DA:152,11
DA:153,0
DA:154,11
DA:155,0
DA:156,11
DA:157,0
DA:158,11
DA:159,0
DA:162,11
DA:163,0
DA:166,11
DA:167,0
DA:171,11
DA:172,0
DA:175,11
DA:176,11
DA:177,11
DA:180,11
DA:181,0
DA:182,0
DA:187,11
DA:188,2
DA:189,1
DA:190,1
DA:194,11
DA:200,11
DA:201,11
DA:202,11
DA:207,11
DA:208,11
DA:209,11
DA:211,11
DA:212,11
DA:215,11
DA:216,0
DA:219,11
DA:222,11
DA:225,11
DA:230,11
DA:234,11
DA:236,11
DA:241,11
DA:249,11
DA:250,2
DA:263,2
DA:264,2
DA:265,2
DA:266,2
DA:270,9
DA:271,3
DA:281,3
DA:282,3
DA:283,3
DA:284,2
DA:285,1
DA:289,6
DA:290,1
DA:299,1
DA:303,1
DA:304,1
DA:305,1
DA:306,1
DA:310,5
DA:311,1
DA:312,1
DA:313,1
DA:314,1
DA:315,1
DA:316,2
DA:322,1
DA:332,1
DA:336,1
DA:337,1
DA:338,1
DA:339,1
DA:344,4
DA:352,4
DA:353,4
DA:354,4
LF:145
LH:117
BRDA:51,0,0,4
BRDA:51,0,1,0
BRDA:52,1,0,4
BRDA:52,1,1,1
BRDA:54,2,0,3
BRDA:54,2,1,1
BRDA:60,3,0,1
BRDA:60,3,1,0
BRDA:100,4,0,10
BRDA:100,4,1,1
BRDA:101,5,0,10
BRDA:101,5,1,10
BRDA:102,6,0,0
BRDA:102,6,1,10
BRDA:104,7,0,1
BRDA:104,7,1,9
BRDA:104,8,0,10
BRDA:104,8,1,1
BRDA:104,8,2,1
BRDA:108,9,0,1
BRDA:108,9,1,0
BRDA:109,10,0,1
BRDA:109,10,1,0
BRDA:112,11,0,0
BRDA:112,11,1,0
BRDA:112,12,0,0
BRDA:112,12,1,0
BRDA:112,12,2,0
BRDA:113,13,0,0
BRDA:113,13,1,0
BRDA:116,14,0,0
BRDA:116,14,1,0
BRDA:118,15,0,0
BRDA:118,15,1,0
BRDA:127,16,0,0
BRDA:127,16,1,0
BRDA:127,17,0,0
BRDA:127,17,1,0
BRDA:127,17,2,0
BRDA:129,18,0,0
BRDA:129,18,1,0
BRDA:144,19,0,2
BRDA:144,19,1,9
BRDA:152,20,0,0
BRDA:152,20,1,11
BRDA:154,21,0,0
BRDA:154,21,1,11
BRDA:156,22,0,0
BRDA:156,22,1,11
BRDA:158,23,0,0
BRDA:158,23,1,11
BRDA:162,24,0,0
BRDA:162,24,1,11
BRDA:166,25,0,0
BRDA:166,25,1,11
BRDA:171,26,0,0
BRDA:171,26,1,11
BRDA:180,27,0,11
BRDA:180,27,1,11
BRDA:188,28,0,1
BRDA:188,28,1,1
BRDA:189,29,0,1
BRDA:189,29,1,0
BRDA:189,30,0,1
BRDA:189,30,1,1
BRDA:189,30,2,1
BRDA:208,31,0,2
BRDA:208,31,1,9
BRDA:209,32,0,2
BRDA:209,32,1,9
BRDA:216,33,0,0
BRDA:216,33,1,0
BRDA:219,34,0,11
BRDA:219,34,1,1
BRDA:219,34,2,0
BRDA:222,35,0,0
BRDA:222,35,1,11
BRDA:225,36,0,11
BRDA:225,36,1,11
BRDA:225,36,2,0
BRDA:230,37,0,0
BRDA:230,37,1,11
BRDA:230,38,0,11
BRDA:230,38,1,0
BRDA:234,39,0,11
BRDA:234,39,1,11
BRDA:236,40,0,0
BRDA:236,40,1,11
BRDA:236,41,0,11
BRDA:236,41,1,0
BRDA:241,42,0,0
BRDA:241,42,1,11
BRDA:241,43,0,11
BRDA:241,43,1,0
BRDA:241,43,2,0
BRDA:243,44,0,0
BRDA:243,44,1,0
BRDA:244,45,0,0
BRDA:244,45,1,0
BRDA:249,46,0,2
BRDA:249,46,1,9
BRDA:253,47,0,0
BRDA:253,47,1,2
BRDA:253,48,0,2
BRDA:253,48,1,1
BRDA:253,48,2,1
BRDA:256,49,0,1
BRDA:256,49,1,1
BRDA:257,50,0,1
BRDA:257,50,1,1
BRDA:258,51,0,2
BRDA:258,51,1,0
BRDA:258,52,0,0
BRDA:258,52,1,2
BRDA:259,53,0,0
BRDA:259,53,1,2
BRDA:260,54,0,0
BRDA:260,54,1,2
BRDA:270,55,0,3
BRDA:270,55,1,6
BRDA:276,56,0,0
BRDA:276,56,1,3
BRDA:276,57,0,3
BRDA:276,57,1,0
BRDA:277,58,0,3
BRDA:277,58,1,0
BRDA:283,59,0,1
BRDA:283,59,1,2
BRDA:289,60,0,1
BRDA:289,60,1,5
BRDA:295,61,0,0
BRDA:295,61,1,1
BRDA:295,62,0,1
BRDA:295,62,1,0
BRDA:304,63,0,0
BRDA:304,63,1,1
BRDA:310,64,0,1
BRDA:310,64,1,4
BRDA:312,65,0,1
BRDA:312,65,1,0
BRDA:312,66,0,1
BRDA:312,66,1,1
BRDA:314,67,0,1
BRDA:314,67,1,0
BRDA:326,68,0,1
BRDA:326,68,1,0
BRDA:327,69,0,0
BRDA:327,69,1,1
BRDA:327,70,0,1
BRDA:327,70,1,0
BRDA:328,71,0,1
BRDA:328,71,1,0
BRDA:337,72,0,0
BRDA:337,72,1,1
BRDA:346,73,0,4
BRDA:346,73,1,0
BRDA:346,74,0,0
BRDA:346,74,1,4
BRDA:347,75,0,1
BRDA:347,75,1,3
BRDA:347,76,0,4
BRDA:347,76,1,1
BRDA:349,77,0,0
BRDA:349,77,1,4
BRF:164
BRH:96
end_of_record
TN:
SF:src/services/networkService.ts
FN:16,datastreamGet
FN:26,datastreamPost
FN:41,hostGet
FN:47,hostPost
FN:56,fetchAndDownloadReport
FNF:5
FNH:5
FNDA:40,datastreamGet
FNDA:19,datastreamPost
FNDA:5,hostGet
FNDA:6,hostPost
FNDA:3,fetchAndDownloadReport
DA:11,6
DA:21,40
DA:22,40
DA:32,19
DA:33,19
DA:42,5
DA:43,5
DA:48,6
DA:49,6
DA:57,3
DA:58,3
DA:66,3
DA:68,2
DA:69,2
DA:70,2
DA:71,1
DA:73,1
DA:76,2
DA:77,2
DA:78,2
DA:79,2
DA:80,2
DA:81,2
DA:82,2
DA:83,2
DA:84,2
LF:26
LH:26
BRDA:35,0,0,0
BRDA:35,0,1,19
BRDA:66,1,0,1
BRDA:66,1,1,2
BRDA:70,2,0,1
BRDA:70,2,1,1
BRDA:73,3,0,1
BRDA:73,3,1,0
BRF:8
BRH:6
end_of_record
TN:
SF:src/services/reportsDataService.ts
FN:6,fetchSalesDesignations
FN:17,fetchUsersByDesignation
FN:24,fetchChildrenUsers
FN:34,fetchGeographicalLevels
FN:39,fetchGeographicalLocations
FN:44,(anonymous_5)
FN:47,fetchGeographicalLocationsUnder
FN:58,(anonymous_7)
FN:61,fetchLocationUsers
FN:91,fetchReportData
FN:140,fetchFilterValues
FN:172,fetchAvailableFilters
FN:179,fetchColumnDefinitions
FN:218,submitAsync
FN:236,submitLiveReportAsync
FN:240,submitSnapshotReportAsync
FN:251,pollAsyncReport
FN:266,(anonymous_17)
FN:286,(anonymous_18)
FNF:19
FNH:19
FNDA:3,fetchSalesDesignations
FNDA:3,fetchUsersByDesignation
FNDA:4,fetchChildrenUsers
FNDA:3,fetchGeographicalLevels
FNDA:4,fetchGeographicalLocations
FNDA:4,(anonymous_5)
FNDA:2,fetchGeographicalLocationsUnder
FNDA:2,(anonymous_7)
FNDA:1,fetchLocationUsers
FNDA:5,fetchReportData
FNDA:3,fetchFilterValues
FNDA:6,fetchAvailableFilters
FNDA:1,fetchColumnDefinitions
FNDA:10,submitAsync
FNDA:3,submitLiveReportAsync
FNDA:7,submitSnapshotReportAsync
FNDA:10,pollAsyncReport
FNDA:11,(anonymous_17)
FNDA:1,(anonymous_18)
DA:10,3
DA:14,3
DA:20,3
DA:21,2
DA:28,4
DA:29,4
DA:35,3
DA:36,3
DA:42,4
DA:43,3
DA:44,4
DA:52,2
DA:57,2
DA:58,2
DA:66,1
DA:71,1
DA:93,5
DA:96,5
DA:97,5
DA:98,2
DA:99,2
DA:100,1
DA:102,1
DA:107,5
DA:120,5
DA:121,5
DA:144,3
DA:146,3
DA:147,3
DA:148,3
DA:149,2
DA:150,0
DA:152,2
DA:156,3
DA:166,3
DA:167,3
DA:173,6
DA:175,6
DA:176,6
DA:180,1
DA:181,1
DA:219,10
DA:220,10
DA:221,9
DA:222,9
DA:223,8
DA:225,2
DA:226,2
DA:227,1
DA:232,1
DA:237,3
DA:243,7
DA:255,10
DA:256,10
DA:258,10
DA:259,11
DA:260,0
DA:263,11
DA:266,11
DA:269,11
DA:270,8
DA:274,3
DA:275,3
DA:276,3
DA:277,0
DA:278,0
DA:279,0
DA:281,0
DA:285,3
DA:286,1
DA:287,1
DA:289,2
DA:290,1
DA:292,1
DA:293,1
DA:295,0
LF:76
LH:69
BRDA:12,0,0,2
BRDA:12,0,1,1
BRDA:14,1,0,3
BRDA:14,1,1,1
BRDA:14,1,2,0
BRDA:21,2,0,2
BRDA:21,2,1,0
BRDA:21,2,2,0
BRDA:29,3,0,4
BRDA:29,3,1,0
BRDA:29,3,2,0
BRDA:36,4,0,3
BRDA:36,4,1,0
BRDA:36,4,2,0
BRDA:43,5,0,3
BRDA:43,5,1,0
BRDA:43,5,2,0
BRDA:57,6,0,2
BRDA:57,6,1,0
BRDA:57,6,2,0
BRDA:69,7,0,1
BRDA:69,7,1,0
BRDA:71,8,0,1
BRDA:71,8,1,0
BRDA:71,8,2,0
BRDA:97,9,0,2
BRDA:97,9,1,3
BRDA:99,10,0,1
BRDA:99,10,1,1
BRDA:110,11,0,1
BRDA:110,11,1,4
BRDA:111,12,0,1
BRDA:111,12,1,4
BRDA:112,13,0,0
BRDA:112,13,1,5
BRDA:113,14,0,1
BRDA:113,14,1,4
BRDA:114,15,0,1
BRDA:114,15,1,4
BRDA:115,16,0,1
BRDA:115,16,1,4
BRDA:117,17,0,1
BRDA:117,17,1,4
BRDA:149,18,0,0
BRDA:149,18,1,2
BRDA:159,19,0,0
BRDA:159,19,1,3
BRDA:160,20,0,0
BRDA:160,20,1,3
BRDA:161,21,0,0
BRDA:161,21,1,3
BRDA:163,22,0,0
BRDA:163,22,1,3
BRDA:167,23,0,3
BRDA:167,23,1,1
BRDA:176,24,0,5
BRDA:176,24,1,1
BRDA:181,25,0,1
BRDA:181,25,1,0
BRDA:222,26,0,1
BRDA:222,26,1,8
BRDA:226,27,0,1
BRDA:226,27,1,1
BRDA:228,28,0,1
BRDA:228,28,1,0
BRDA:253,29,0,6
BRDA:255,30,0,6
BRDA:255,31,0,10
BRDA:259,32,0,0
BRDA:259,32,1,11
BRDA:269,33,0,8
BRDA:269,33,1,3
BRDA:276,34,0,0
BRDA:276,34,1,3
BRDA:276,35,0,3
BRDA:276,35,1,3
BRDA:279,36,0,0
BRDA:279,36,1,0
BRDA:285,37,0,1
BRDA:285,37,1,2
BRDA:289,38,0,1
BRDA:289,38,1,1
BRDA:290,39,0,1
BRDA:290,39,1,1
BRDA:292,40,0,1
BRDA:292,40,1,0
BRDA:293,41,0,1
BRDA:293,41,1,1
BRDA:295,42,0,0
BRDA:295,42,1,0
BRF:90
BRH:61
end_of_record
TN:
SF:src/types/mdmReportsUtils.ts
FN:152,normalizeUnit
FN:161,parseDateRangeAllowed
FN:172,getDateRangeFromAllowed
FN:200,getLabelFromAllowed
FN:214,getMaxDateFromCustomRange
FNF:5
FNH:5
FNDA:28,normalizeUnit
FNDA:34,parseDateRangeAllowed
FNDA:7,getDateRangeFromAllowed
FNDA:9,getLabelFromAllowed
FNDA:6,getMaxDateFromCustomRange
DA:153,28
DA:154,28
DA:155,21
DA:156,14
DA:157,6
DA:158,1
DA:164,34
DA:165,34
DA:166,28
DA:167,28
DA:168,28
DA:169,26
DA:176,7
DA:177,7
DA:179,6
DA:180,6
DA:182,6
DA:184,1
DA:185,1
DA:187,2
DA:188,2
DA:190,2
DA:191,2
DA:193,1
DA:194,1
DA:197,6
DA:201,9
DA:202,9
DA:204,8
DA:211,8
DA:218,6
DA:219,6
DA:221,5
DA:222,5
DA:224,1
DA:225,1
DA:227,1
DA:228,1
DA:230,2
DA:231,2
DA:232,2
DA:234,1
DA:235,1
DA:236,1
DA:238,5
LF:45
LH:45
BRDA:154,0,0,7
BRDA:154,0,1,21
BRDA:154,1,0,28
BRDA:154,1,1,26
BRDA:155,2,0,7
BRDA:155,2,1,14
BRDA:155,3,0,21
BRDA:155,3,1,17
BRDA:156,4,0,8
BRDA:156,4,1,6
BRDA:156,5,0,14
BRDA:156,5,1,11
BRDA:157,6,0,5
BRDA:157,6,1,1
BRDA:157,7,0,6
BRDA:157,7,1,3
BRDA:165,8,0,6
BRDA:165,8,1,28
BRDA:168,9,0,2
BRDA:168,9,1,26
BRDA:168,10,0,28
BRDA:168,10,1,27
BRDA:174,11,0,0
BRDA:177,12,0,1
BRDA:177,12,1,6
BRDA:182,13,0,1
BRDA:182,13,1,2
BRDA:182,13,2,2
BRDA:182,13,3,1
BRDA:202,14,0,1
BRDA:202,14,1,8
BRDA:204,15,0,2
BRDA:204,15,1,6
BRDA:205,16,0,1
BRDA:205,16,1,1
BRDA:206,17,0,2
BRDA:206,17,1,4
BRDA:207,18,0,1
BRDA:207,18,1,1
BRDA:208,19,0,2
BRDA:208,19,1,2
BRDA:209,20,0,1
BRDA:209,20,1,1
BRDA:210,21,0,1
BRDA:210,21,1,1
BRDA:219,22,0,1
BRDA:219,22,1,5
BRDA:222,23,0,1
BRDA:222,23,1,1
BRDA:222,23,2,2
BRDA:222,23,3,1
BRF:51
BRH:50
end_of_record
TN:
SF:src/utils/hierarchyHelpers.ts
FN:7,summarizeDrillDownPath
FN:28,transformApiResponseToFilterOptions
FN:34,(anonymous_2)
FNF:3
FNH:3
FNDA:4,summarizeDrillDownPath
FNDA:6,transformApiResponseToFilterOptions
FNDA:4,(anonymous_2)
DA:8,4
DA:9,4
DA:11,4
DA:12,7
DA:13,7
DA:14,7
DA:15,7
DA:17,7
DA:18,10
DA:19,10
DA:22,7
DA:25,4
DA:33,6
DA:34,4
LF:14
LH:14
BRDA:17,0,0,17
BRDA:17,0,1,14
BRDA:30,1,0,5
BRDA:31,2,0,5
BRDA:33,3,0,3
BRDA:33,3,1,3
BRF:6
BRH:6
end_of_record
